<?xml version="1.0" encoding="UTF-8"?>
<testsuite name="PingPongTest" tests="5" skipped="0" failures="0" errors="0" timestamp="2019-08-30T13:47:29" hostname="moringa-Lenovo-ideapad-130-15IKB" time="0.021">
  <properties/>
  <testcase name="runPingPong_countUpToGivenNumber_ArrayList" classname="PingPongTest" time="0.019"/>
  <testcase name="runPingPing_countUpTo4_ArrayList" classname="PingPongTest" time="0.001"/>
  <testcase name="runPingPong_replaceMultipleOf3And5_ArrayList" classname="PingPongTest" time="0.0"/>
  <testcase name="runPingPong_replaceMultipleOf3_ArrayList" classname="PingPongTest" time="0.0"/>
  <testcase name="runPingPong_countUpToOne_ArrayList" classname="PingPongTest" time="0.0"/>
  <system-out><![CDATA[]]></system-out>
  <system-err><![CDATA[]]></system-err>
</testsuite>
